{
  "RSpec": {
    "coverage": {
      "/home/gdilthey/tic-tac-toe-rb-ruby-intro-000/lib/tic_tac_toe.rb": [
        null,
        1,
        null,
        null,
        null,
        null,
        null,
        null,
        null,
        null,
        null,
        1,
        17,
        17,
        17,
        17,
        17,
        null,
        null,
        1,
        19680,
        62,
        19618,
        19618,
        null,
        null,
        null,
        1,
        47531,
        null,
        null,
        1,
        17,
        17,
        null,
        null,
        1,
        47531,
        19589,
        17,
        null,
        null,
        27942,
        null,
        null,
        null,
        1,
        47537,
        47531,
        47531,
        47531,
        17,
        17,
        null,
        47514,
        null,
        null,
        null,
        1,
        0,
        0,
        0,
        0,
        null,
        null,
        0,
        null,
        null,
        1,
        0,
        0,
        null,
        null,
        1,
        6,
        88,
        2,
        8,
        2,
        2,
        null,
        null,
        null,
        null,
        null,
        1,
        50,
        null,
        null,
        1,
        4,
        0,
        null,
        null,
        null,
        1,
        9,
        3,
        null,
        null,
        null,
        1,
        0,
        0,
        0,
        0,
        null,
        0,
        null,
        null,
        null,
        null,
        1,
        12,
        12,
        25,
        17,
        17,
        4,
        0,
        0,
        0,
        0,
        0,
        0,
        0,
        null,
        null,
        null,
        null
      ]
    },
    "timestamp": 1611112032
  }
}
