{
  "RSpec": {
    "coverage": {
      "/home/gdilthey/tic-tac-toe-rb-ruby-intro-000/lib/tic_tac_toe.rb": [
        null,
        1,
        null,
        null,
        null,
        null,
        null,
        null,
        null,
        null,
        null,
        1,
        17,
        17,
        17,
        17,
        17,
        null,
        null,
        1,
        19716,
        71,
        19645,
        19645,
        null,
        null,
        null,
        1,
        47531,
        null,
        null,
        1,
        17,
        17,
        null,
        null,
        1,
        47531,
        19589,
        17,
        null,
        null,
        27942,
        null,
        null,
        null,
        1,
        47537,
        47531,
        47531,
        47531,
        17,
        17,
        null,
        47514,
        null,
        null,
        null,
        1,
        0,
        0,
        0,
        0,
        null,
        null,
        0,
        null,
        null,
        1,
        0,
        0,
        null,
        null,
        1,
        13,
        135,
        8,
        32,
        8,
        8,
        null,
        null,
        null,
        null,
        null,
        1,
        54,
        null,
        null,
        1,
        5,
        0,
        null,
        null,
        null,
        1,
        9,
        3,
        null,
        null,
        null,
        1,
        2,
        2,
        2,
        2,
        null,
        0,
        null,
        null,
        null,
        null,
        1,
        12,
        12,
        25,
        17,
        17,
        4,
        null,
        null,
        4,
        3,
        3,
        1,
        0,
        null,
        null
      ]
    },
    "timestamp": 1611112191
  }
}
